-- Install configuration: ""
-- Execute custom install script
-- Up-to-date symlink: /home/alpha/dev_ws/install/botv1/share/botv1/config/empty.yaml
-- Symlinking: /home/alpha/dev_ws/install/botv1/share/botv1/description/inertial_macros.xacro
-- Up-to-date symlink: /home/alpha/dev_ws/install/botv1/share/botv1/description/robot.urdf.xacro
-- Up-to-date symlink: /home/alpha/dev_ws/install/botv1/share/botv1/description/robot_core.xacro
-- Up-to-date symlink: /home/alpha/dev_ws/install/botv1/share/botv1/launch/rsp.launch.py
-- Up-to-date symlink: /home/alpha/dev_ws/install/botv1/share/botv1/worlds/empty.world
-- Up-to-date symlink: /home/alpha/dev_ws/install/botv1/share/ament_index/resource_index/package_run_dependencies/botv1
-- Up-to-date symlink: /home/alpha/dev_ws/install/botv1/share/ament_index/resource_index/parent_prefix_path/botv1
-- Up-to-date symlink: /home/alpha/dev_ws/install/botv1/share/botv1/environment/ament_prefix_path.sh
-- Up-to-date symlink: /home/alpha/dev_ws/install/botv1/share/botv1/environment/ament_prefix_path.dsv
-- Up-to-date symlink: /home/alpha/dev_ws/install/botv1/share/botv1/environment/path.sh
-- Up-to-date symlink: /home/alpha/dev_ws/install/botv1/share/botv1/environment/path.dsv
-- Up-to-date symlink: /home/alpha/dev_ws/install/botv1/share/botv1/local_setup.bash
-- Up-to-date symlink: /home/alpha/dev_ws/install/botv1/share/botv1/local_setup.sh
-- Up-to-date symlink: /home/alpha/dev_ws/install/botv1/share/botv1/local_setup.zsh
-- Up-to-date symlink: /home/alpha/dev_ws/install/botv1/share/botv1/local_setup.dsv
-- Symlinking: /home/alpha/dev_ws/install/botv1/share/botv1/package.dsv
-- Up-to-date symlink: /home/alpha/dev_ws/install/botv1/share/ament_index/resource_index/packages/botv1
-- Up-to-date symlink: /home/alpha/dev_ws/install/botv1/share/botv1/cmake/botv1Config.cmake
-- Up-to-date symlink: /home/alpha/dev_ws/install/botv1/share/botv1/cmake/botv1Config-version.cmake
-- Up-to-date symlink: /home/alpha/dev_ws/install/botv1/share/botv1/package.xml
