[0.012s] Invoking command in '/home/alpha/dev_ws/build/ROS_SLAM_BEGIN': CMAKE_PREFIX_PATH=/opt/ros/galactic /usr/bin/cmake /home/alpha/dev_ws/src/ROS_SLAM_BEGIN -DAMENT_CMAKE_SYMLINK_INSTALL=1 -DCMAKE_INSTALL_PREFIX=/home/alpha/dev_ws/install/ROS_SLAM_BEGIN
[0.065s] -- The C compiler identification is GNU 9.4.0
[0.118s] -- The CXX compiler identification is GNU 9.4.0
[0.123s] -- Check for working C compiler: /usr/bin/cc
[0.198s] -- Check for working C compiler: /usr/bin/cc -- works
[0.199s] -- Detecting C compiler ABI info
[0.273s] -- Detecting C compiler ABI info - done
[0.280s] -- Detecting C compile features
[0.280s] -- Detecting C compile features - done
[0.282s] -- Check for working CXX compiler: /usr/bin/c++
[0.359s] -- Check for working CXX compiler: /usr/bin/c++ -- works
[0.362s] -- Detecting CXX compiler ABI info
[0.437s] -- Detecting CXX compiler ABI info - done
[0.445s] -- Detecting CXX compile features
[0.445s] -- Detecting CXX compile features - done
[0.447s] -- Found ament_cmake: 1.1.6 (/opt/ros/galactic/share/ament_cmake/cmake)
[0.467s] -- Found PythonInterp: /usr/bin/python3 (found suitable version "3.8.10", minimum required is "3") 
[0.467s] -- Using PYTHON_EXECUTABLE: /usr/bin/python3
[0.503s] -- Override CMake install command with custom implementation using symlinks instead of copying resources
[0.520s] -- Found ament_lint_auto: 0.10.7 (/opt/ros/galactic/share/ament_lint_auto/cmake)
[0.559s] WARNING: Package name "ROS_SLAM_BEGIN" does not follow the naming conventions. It should start with a lower case letter and only contain lower case letters, digits, underscores, and dashes.
[0.588s] -- Added test 'copyright' to check source files copyright and LICENSE
[0.594s] -- Added test 'flake8' to check Python code syntax and style conventions
[0.594s] -- Added test 'lint_cmake' to check CMake code style
[0.595s] -- Added test 'pep257' to check Python code against some of the style conventions in PEP 257
[0.598s] -- Added test 'xmllint' to check XML markup files
[0.599s] -- Configuring done
[0.600s] -- Generating done
[0.601s] -- Build files have been written to: /home/alpha/dev_ws/build/ROS_SLAM_BEGIN
[0.604s] Invoked command in '/home/alpha/dev_ws/build/ROS_SLAM_BEGIN' returned '0': CMAKE_PREFIX_PATH=/opt/ros/galactic /usr/bin/cmake /home/alpha/dev_ws/src/ROS_SLAM_BEGIN -DAMENT_CMAKE_SYMLINK_INSTALL=1 -DCMAKE_INSTALL_PREFIX=/home/alpha/dev_ws/install/ROS_SLAM_BEGIN
[0.607s] Invoking command in '/home/alpha/dev_ws/build/ROS_SLAM_BEGIN': CMAKE_PREFIX_PATH=/opt/ros/galactic /usr/bin/cmake --build /home/alpha/dev_ws/build/ROS_SLAM_BEGIN -- -j12 -l12
[0.648s] Invoked command in '/home/alpha/dev_ws/build/ROS_SLAM_BEGIN' returned '0': CMAKE_PREFIX_PATH=/opt/ros/galactic /usr/bin/cmake --build /home/alpha/dev_ws/build/ROS_SLAM_BEGIN -- -j12 -l12
[0.685s] Invoking command in '/home/alpha/dev_ws/build/ROS_SLAM_BEGIN': CMAKE_PREFIX_PATH=/opt/ros/galactic /usr/bin/cmake --install /home/alpha/dev_ws/build/ROS_SLAM_BEGIN
[0.690s] -- Install configuration: ""
[0.690s] -- Execute custom install script
[0.691s] -- Symlinking: /home/alpha/dev_ws/install/ROS_SLAM_BEGIN/share/ROS_SLAM_BEGIN/config/empty.yaml
[0.701s] -- Symlinking: /home/alpha/dev_ws/install/ROS_SLAM_BEGIN/share/ROS_SLAM_BEGIN/description/robot.urdf.xacro
[0.708s] -- Symlinking: /home/alpha/dev_ws/install/ROS_SLAM_BEGIN/share/ROS_SLAM_BEGIN/launch/rsp.launch.py
[0.714s] -- Symlinking: /home/alpha/dev_ws/install/ROS_SLAM_BEGIN/share/ROS_SLAM_BEGIN/worlds/empty.world
[0.719s] -- Symlinking: /home/alpha/dev_ws/install/ROS_SLAM_BEGIN/share/ament_index/resource_index/package_run_dependencies/ROS_SLAM_BEGIN
[0.724s] -- Symlinking: /home/alpha/dev_ws/install/ROS_SLAM_BEGIN/share/ament_index/resource_index/parent_prefix_path/ROS_SLAM_BEGIN
[0.730s] -- Symlinking: /home/alpha/dev_ws/install/ROS_SLAM_BEGIN/share/ROS_SLAM_BEGIN/environment/ament_prefix_path.sh
[0.742s] -- Symlinking: /home/alpha/dev_ws/install/ROS_SLAM_BEGIN/share/ROS_SLAM_BEGIN/environment/ament_prefix_path.dsv
[0.748s] -- Symlinking: /home/alpha/dev_ws/install/ROS_SLAM_BEGIN/share/ROS_SLAM_BEGIN/environment/path.sh
[0.753s] -- Symlinking: /home/alpha/dev_ws/install/ROS_SLAM_BEGIN/share/ROS_SLAM_BEGIN/environment/path.dsv
[0.767s] -- Symlinking: /home/alpha/dev_ws/install/ROS_SLAM_BEGIN/share/ROS_SLAM_BEGIN/local_setup.bash
[0.779s] -- Symlinking: /home/alpha/dev_ws/install/ROS_SLAM_BEGIN/share/ROS_SLAM_BEGIN/local_setup.sh
[0.786s] -- Symlinking: /home/alpha/dev_ws/install/ROS_SLAM_BEGIN/share/ROS_SLAM_BEGIN/local_setup.zsh
[0.791s] -- Symlinking: /home/alpha/dev_ws/install/ROS_SLAM_BEGIN/share/ROS_SLAM_BEGIN/local_setup.dsv
[0.796s] -- Symlinking: /home/alpha/dev_ws/install/ROS_SLAM_BEGIN/share/ROS_SLAM_BEGIN/package.dsv
[0.807s] -- Symlinking: /home/alpha/dev_ws/install/ROS_SLAM_BEGIN/share/ament_index/resource_index/packages/ROS_SLAM_BEGIN
[0.817s] -- Symlinking: /home/alpha/dev_ws/install/ROS_SLAM_BEGIN/share/ROS_SLAM_BEGIN/cmake/ROS_SLAM_BEGINConfig.cmake
[0.826s] -- Symlinking: /home/alpha/dev_ws/install/ROS_SLAM_BEGIN/share/ROS_SLAM_BEGIN/cmake/ROS_SLAM_BEGINConfig-version.cmake
[0.838s] -- Symlinking: /home/alpha/dev_ws/install/ROS_SLAM_BEGIN/share/ROS_SLAM_BEGIN/package.xml
[0.846s] Invoked command in '/home/alpha/dev_ws/build/ROS_SLAM_BEGIN' returned '0': CMAKE_PREFIX_PATH=/opt/ros/galactic /usr/bin/cmake --install /home/alpha/dev_ws/build/ROS_SLAM_BEGIN
