[0.013s] Invoking command in '/home/alpha/dev_ws/build/botv1': CMAKE_PREFIX_PATH=${CMAKE_PREFIX_PATH}:/opt/ros/galactic /usr/bin/cmake --build /home/alpha/dev_ws/build/botv1 -- -j12 -l12
[0.052s] Invoked command in '/home/alpha/dev_ws/build/botv1' returned '0': CMAKE_PREFIX_PATH=${CMAKE_PREFIX_PATH}:/opt/ros/galactic /usr/bin/cmake --build /home/alpha/dev_ws/build/botv1 -- -j12 -l12
[0.095s] Invoking command in '/home/alpha/dev_ws/build/botv1': CMAKE_PREFIX_PATH=${CMAKE_PREFIX_PATH}:/opt/ros/galactic /usr/bin/cmake --install /home/alpha/dev_ws/build/botv1
[0.101s] -- Install configuration: ""
[0.102s] -- Execute custom install script
[0.103s] -- Up-to-date symlink: /home/alpha/dev_ws/install/botv1/share/botv1/config/empty.yaml
[0.104s] -- Up-to-date symlink: /home/alpha/dev_ws/install/botv1/share/botv1/description/robot.urdf.xacro
[0.104s] -- Symlinking: /home/alpha/dev_ws/install/botv1/share/botv1/description/robot_core.xacro
[0.116s] -- Up-to-date symlink: /home/alpha/dev_ws/install/botv1/share/botv1/launch/rsp.launch.py
[0.116s] -- Up-to-date symlink: /home/alpha/dev_ws/install/botv1/share/botv1/worlds/empty.world
[0.116s] -- Up-to-date symlink: /home/alpha/dev_ws/install/botv1/share/ament_index/resource_index/package_run_dependencies/botv1
[0.116s] -- Up-to-date symlink: /home/alpha/dev_ws/install/botv1/share/ament_index/resource_index/parent_prefix_path/botv1
[0.116s] -- Up-to-date symlink: /home/alpha/dev_ws/install/botv1/share/botv1/environment/ament_prefix_path.sh
[0.116s] -- Up-to-date symlink: /home/alpha/dev_ws/install/botv1/share/botv1/environment/ament_prefix_path.dsv
[0.117s] -- Up-to-date symlink: /home/alpha/dev_ws/install/botv1/share/botv1/environment/path.sh
[0.117s] -- Up-to-date symlink: /home/alpha/dev_ws/install/botv1/share/botv1/environment/path.dsv
[0.117s] -- Up-to-date symlink: /home/alpha/dev_ws/install/botv1/share/botv1/local_setup.bash
[0.117s] -- Up-to-date symlink: /home/alpha/dev_ws/install/botv1/share/botv1/local_setup.sh
[0.117s] -- Up-to-date symlink: /home/alpha/dev_ws/install/botv1/share/botv1/local_setup.zsh
[0.117s] -- Up-to-date symlink: /home/alpha/dev_ws/install/botv1/share/botv1/local_setup.dsv
[0.118s] -- Symlinking: /home/alpha/dev_ws/install/botv1/share/botv1/package.dsv
[0.125s] -- Up-to-date symlink: /home/alpha/dev_ws/install/botv1/share/ament_index/resource_index/packages/botv1
[0.125s] -- Up-to-date symlink: /home/alpha/dev_ws/install/botv1/share/botv1/cmake/botv1Config.cmake
[0.125s] -- Up-to-date symlink: /home/alpha/dev_ws/install/botv1/share/botv1/cmake/botv1Config-version.cmake
[0.126s] -- Up-to-date symlink: /home/alpha/dev_ws/install/botv1/share/botv1/package.xml
[0.128s] Invoked command in '/home/alpha/dev_ws/build/botv1' returned '0': CMAKE_PREFIX_PATH=${CMAKE_PREFIX_PATH}:/opt/ros/galactic /usr/bin/cmake --install /home/alpha/dev_ws/build/botv1
