[0.018s] Invoking command in '/home/alpha/dev_ws/build/botv1': CMAKE_PREFIX_PATH=/opt/ros/galactic /usr/bin/cmake --build /home/alpha/dev_ws/build/botv1 -- -j12 -l12
[0.097s] Invoked command in '/home/alpha/dev_ws/build/botv1' returned '0': CMAKE_PREFIX_PATH=/opt/ros/galactic /usr/bin/cmake --build /home/alpha/dev_ws/build/botv1 -- -j12 -l12
[0.129s] Invoking command in '/home/alpha/dev_ws/build/botv1': CMAKE_PREFIX_PATH=/opt/ros/galactic /usr/bin/cmake --install /home/alpha/dev_ws/build/botv1
[0.140s] -- Install configuration: ""
[0.140s] -- Execute custom install script
[0.141s] -- Up-to-date symlink: /home/alpha/dev_ws/install/botv1/share/botv1/config/empty.yaml
[0.141s] -- Up-to-date symlink: /home/alpha/dev_ws/install/botv1/share/botv1/description/robot.urdf.xacro
[0.141s] -- Up-to-date symlink: /home/alpha/dev_ws/install/botv1/share/botv1/launch/rsp.launch.py
[0.142s] -- Up-to-date symlink: /home/alpha/dev_ws/install/botv1/share/botv1/worlds/empty.world
[0.142s] -- Up-to-date symlink: /home/alpha/dev_ws/install/botv1/share/ament_index/resource_index/package_run_dependencies/botv1
[0.142s] -- Up-to-date symlink: /home/alpha/dev_ws/install/botv1/share/ament_index/resource_index/parent_prefix_path/botv1
[0.143s] -- Up-to-date symlink: /home/alpha/dev_ws/install/botv1/share/botv1/environment/ament_prefix_path.sh
[0.143s] -- Up-to-date symlink: /home/alpha/dev_ws/install/botv1/share/botv1/environment/ament_prefix_path.dsv
[0.143s] -- Up-to-date symlink: /home/alpha/dev_ws/install/botv1/share/botv1/environment/path.sh
[0.143s] -- Up-to-date symlink: /home/alpha/dev_ws/install/botv1/share/botv1/environment/path.dsv
[0.144s] -- Up-to-date symlink: /home/alpha/dev_ws/install/botv1/share/botv1/local_setup.bash
[0.144s] -- Up-to-date symlink: /home/alpha/dev_ws/install/botv1/share/botv1/local_setup.sh
[0.144s] -- Up-to-date symlink: /home/alpha/dev_ws/install/botv1/share/botv1/local_setup.zsh
[0.145s] -- Up-to-date symlink: /home/alpha/dev_ws/install/botv1/share/botv1/local_setup.dsv
[0.145s] -- Symlinking: /home/alpha/dev_ws/install/botv1/share/botv1/package.dsv
[0.151s] -- Up-to-date symlink: /home/alpha/dev_ws/install/botv1/share/ament_index/resource_index/packages/botv1
[0.151s] -- Up-to-date symlink: /home/alpha/dev_ws/install/botv1/share/botv1/cmake/botv1Config.cmake
[0.152s] -- Up-to-date symlink: /home/alpha/dev_ws/install/botv1/share/botv1/cmake/botv1Config-version.cmake
[0.152s] -- Up-to-date symlink: /home/alpha/dev_ws/install/botv1/share/botv1/package.xml
[0.154s] Invoked command in '/home/alpha/dev_ws/build/botv1' returned '0': CMAKE_PREFIX_PATH=/opt/ros/galactic /usr/bin/cmake --install /home/alpha/dev_ws/build/botv1
