-- The C compiler identification is GNU 9.4.0
-- The CXX compiler identification is GNU 9.4.0
-- Check for working C compiler: /usr/bin/cc
-- Check for working C compiler: /usr/bin/cc -- works
-- Detecting C compiler ABI info
-- Detecting C compiler ABI info - done
-- Detecting C compile features
-- Detecting C compile features - done
-- Check for working CXX compiler: /usr/bin/c++
-- Check for working CXX compiler: /usr/bin/c++ -- works
-- Detecting CXX compiler ABI info
-- Detecting CXX compiler ABI info - done
-- Detecting CXX compile features
-- Detecting CXX compile features - done
-- Found ament_cmake: 1.1.6 (/opt/ros/galactic/share/ament_cmake/cmake)
-- Found PythonInterp: /usr/bin/python3 (found suitable version "3.8.10", minimum required is "3") 
-- Using PYTHON_EXECUTABLE: /usr/bin/python3
-- Override CMake install command with custom implementation using symlinks instead of copying resources
-- Found ament_lint_auto: 0.10.7 (/opt/ros/galactic/share/ament_lint_auto/cmake)
-- Added test 'copyright' to check source files copyright and LICENSE
-- Added test 'flake8' to check Python code syntax and style conventions
-- Added test 'lint_cmake' to check CMake code style
-- Added test 'pep257' to check Python code against some of the style conventions in PEP 257
-- Added test 'xmllint' to check XML markup files
-- Configuring done
-- Generating done
-- Build files have been written to: /home/alpha/dev_ws/build/botv1
-- Install configuration: ""
-- Execute custom install script
-- Symlinking: /home/alpha/dev_ws/install/botv1/share/botv1/config/empty.yaml
-- Symlinking: /home/alpha/dev_ws/install/botv1/share/botv1/description/robot.urdf.xacro
-- Symlinking: /home/alpha/dev_ws/install/botv1/share/botv1/launch/rsp.launch.py
-- Symlinking: /home/alpha/dev_ws/install/botv1/share/botv1/worlds/empty.world
-- Symlinking: /home/alpha/dev_ws/install/botv1/share/ament_index/resource_index/package_run_dependencies/botv1
-- Symlinking: /home/alpha/dev_ws/install/botv1/share/ament_index/resource_index/parent_prefix_path/botv1
-- Symlinking: /home/alpha/dev_ws/install/botv1/share/botv1/environment/ament_prefix_path.sh
-- Symlinking: /home/alpha/dev_ws/install/botv1/share/botv1/environment/ament_prefix_path.dsv
-- Symlinking: /home/alpha/dev_ws/install/botv1/share/botv1/environment/path.sh
-- Symlinking: /home/alpha/dev_ws/install/botv1/share/botv1/environment/path.dsv
-- Symlinking: /home/alpha/dev_ws/install/botv1/share/botv1/local_setup.bash
-- Symlinking: /home/alpha/dev_ws/install/botv1/share/botv1/local_setup.sh
-- Symlinking: /home/alpha/dev_ws/install/botv1/share/botv1/local_setup.zsh
-- Symlinking: /home/alpha/dev_ws/install/botv1/share/botv1/local_setup.dsv
-- Symlinking: /home/alpha/dev_ws/install/botv1/share/botv1/package.dsv
-- Symlinking: /home/alpha/dev_ws/install/botv1/share/ament_index/resource_index/packages/botv1
-- Symlinking: /home/alpha/dev_ws/install/botv1/share/botv1/cmake/botv1Config.cmake
-- Symlinking: /home/alpha/dev_ws/install/botv1/share/botv1/cmake/botv1Config-version.cmake
-- Symlinking: /home/alpha/dev_ws/install/botv1/share/botv1/package.xml
